<?xml version="1.0" encoding="UTF-8"?>
<!-- Generated by org.testng.reporters.JUnitXMLReporter -->
<testsuite hostname="INPCD0244" ignored="0" name="Test" tests="2" failures="1" timestamp="12 Jul 2018 10:45:59 GMT" time="140.196" errors="0">
  <testcase name="NegativeScenarios" time="99.698" classname="com.tests.DriverClass">
    <failure type="org.openqa.selenium.TimeoutException" message="Timed out after 30 seconds waiting for element to be clickable: By.xpath: //small[@data-bv-validator-for=&amp;apos;confirm_password&amp;apos; and normalize-space(.)=&amp;apos;This value is not valid&amp;apos;]
Build info: version: &amp;apos;2.53.1&amp;apos;, revision: &amp;apos;a36b8b1cd5757287168e54b817830adce9b0158d&amp;apos;, time: &amp;apos;2016-06-30 19:26:09&amp;apos;
System info: host: &amp;apos;INPCD0244&amp;apos;, ip: &amp;apos;10.24.132.114&amp;apos;, os.name: &amp;apos;Windows 10&amp;apos;, os.arch: &amp;apos;amd64&amp;apos;, os.version: &amp;apos;10.0&amp;apos;, java.version: &amp;apos;1.8.0_171&amp;apos;
Driver info: org.openqa.selenium.firefox.FirefoxDriver
Capabilities [{applicationCacheEnabled=true, rotatable=false, handlesAlerts=true, databaseEnabled=true, version=47.0.2, platform=WINDOWS, nativeEvents=false, acceptSslCerts=true, webStorageEnabled=true, locationContextEnabled=true, browserName=firefox, takesScreenshot=true, javascriptEnabled=true, cssSelectorsEnabled=true}]
Session ID: 1345b0d8-e5d7-454a-9064-13feecabf347">
      <![CDATA[org.openqa.selenium.TimeoutException: Timed out after 30 seconds waiting for element to be clickable: By.xpath: //small[@data-bv-validator-for='confirm_password' and normalize-space(.)='This value is not valid']
Build info: version: '2.53.1', revision: 'a36b8b1cd5757287168e54b817830adce9b0158d', time: '2016-06-30 19:26:09'
System info: host: 'INPCD0244', ip: '10.24.132.114', os.name: 'Windows 10', os.arch: 'amd64', os.version: '10.0', java.version: '1.8.0_171'
Driver info: org.openqa.selenium.firefox.FirefoxDriver
Capabilities [{applicationCacheEnabled=true, rotatable=false, handlesAlerts=true, databaseEnabled=true, version=47.0.2, platform=WINDOWS, nativeEvents=false, acceptSslCerts=true, webStorageEnabled=true, locationContextEnabled=true, browserName=firefox, takesScreenshot=true, javascriptEnabled=true, cssSelectorsEnabled=true}]
Session ID: 1345b0d8-e5d7-454a-9064-13feecabf347
at org.openqa.selenium.support.ui.WebDriverWait.timeoutException(WebDriverWait.java:80)
at org.openqa.selenium.support.ui.FluentWait.until(FluentWait.java:261)
at com.utils.Actions.WaitForWebElement(Actions.java:83)
at com.utils.Actions.FindElement(Actions.java:56)
at com.pages.RegistrationPage.VerifyErrorFieldValidation(RegistrationPage.java:111)
at com.tests.DriverClass.NegativeScenarios(DriverClass.java:40)
... Removed 25 stack frames]]>
    </failure>
  </testcase> <!-- NegativeScenarios -->
  <testcase name="PositiveScenario" time="14.074" classname="com.tests.DriverClass"/>
</testsuite> <!-- Test -->
